Connecting to database specified by database.yml


Started GET "/assets/rails.png" for 192.168.0.10 at 2013-03-03 16:20:50 +0900
Connecting to database specified by database.yml
Served asset /rails.png - 200 OK (33ms)


Started GET "/assets/rails.png" for 192.168.0.10 at 2013-03-03 16:22:18 +0900
Connecting to database specified by database.yml
Served asset /rails.png - 200 OK (4ms)


Started GET "/hello_world/index" for 192.168.0.10 at 2013-03-03 16:25:02 +0900
Connecting to database specified by database.yml

ActionController::RoutingError (No route matches [GET] "/hello_world/index"):
  actionpack (3.2.12) lib/action_dispatch/middleware/debug_exceptions.rb:21:in `call'
  actionpack (3.2.12) lib/action_dispatch/middleware/show_exceptions.rb:56:in `call'
  railties (3.2.12) lib/rails/rack/logger.rb:32:in `call_app'
  railties (3.2.12) lib/rails/rack/logger.rb:16:in `block in call'
  activesupport (3.2.12) lib/active_support/tagged_logging.rb:22:in `tagged'
  railties (3.2.12) lib/rails/rack/logger.rb:16:in `call'
  actionpack (3.2.12) lib/action_dispatch/middleware/request_id.rb:22:in `call'
  rack (1.4.5) lib/rack/methodoverride.rb:21:in `call'
  rack (1.4.5) lib/rack/runtime.rb:17:in `call'
  activesupport (3.2.12) lib/active_support/cache/strategy/local_cache.rb:72:in `call'
  rack (1.4.5) lib/rack/lock.rb:15:in `call'
  actionpack (3.2.12) lib/action_dispatch/middleware/static.rb:62:in `call'
  railties (3.2.12) lib/rails/engine.rb:479:in `call'
  railties (3.2.12) lib/rails/application.rb:223:in `call'
  rack (1.4.5) lib/rack/content_length.rb:14:in `call'
  railties (3.2.12) lib/rails/rack/log_tailer.rb:17:in `call'
  rack (1.4.5) lib/rack/handler/webrick.rb:59:in `service'
  /usr/local/ruby193/lib/ruby/1.9.1/webrick/httpserver.rb:138:in `service'
  /usr/local/ruby193/lib/ruby/1.9.1/webrick/httpserver.rb:94:in `run'
  /usr/local/ruby193/lib/ruby/1.9.1/webrick/server.rb:191:in `block in start_thread'


  Rendered /usr/local/ruby193/lib/ruby/gems/1.9.1/gems/actionpack-3.2.12/lib/action_dispatch/middleware/templates/rescues/routing_error.erb within rescues/layout (6.1ms)


Started GET "/hello_world/index" for 192.168.0.10 at 2013-03-03 16:27:16 +0900
Connecting to database specified by database.yml

ActionController::RoutingError (No route matches [GET] "/hello_world/index"):
  actionpack (3.2.12) lib/action_dispatch/middleware/debug_exceptions.rb:21:in `call'
  actionpack (3.2.12) lib/action_dispatch/middleware/show_exceptions.rb:56:in `call'
  railties (3.2.12) lib/rails/rack/logger.rb:32:in `call_app'
  railties (3.2.12) lib/rails/rack/logger.rb:16:in `block in call'
  activesupport (3.2.12) lib/active_support/tagged_logging.rb:22:in `tagged'
  railties (3.2.12) lib/rails/rack/logger.rb:16:in `call'
  actionpack (3.2.12) lib/action_dispatch/middleware/request_id.rb:22:in `call'
  rack (1.4.5) lib/rack/methodoverride.rb:21:in `call'
  rack (1.4.5) lib/rack/runtime.rb:17:in `call'
  activesupport (3.2.12) lib/active_support/cache/strategy/local_cache.rb:72:in `call'
  rack (1.4.5) lib/rack/lock.rb:15:in `call'
  actionpack (3.2.12) lib/action_dispatch/middleware/static.rb:62:in `call'
  railties (3.2.12) lib/rails/engine.rb:479:in `call'
  railties (3.2.12) lib/rails/application.rb:223:in `call'
  rack (1.4.5) lib/rack/content_length.rb:14:in `call'
  railties (3.2.12) lib/rails/rack/log_tailer.rb:17:in `call'
  rack (1.4.5) lib/rack/handler/webrick.rb:59:in `service'
  /usr/local/ruby193/lib/ruby/1.9.1/webrick/httpserver.rb:138:in `service'
  /usr/local/ruby193/lib/ruby/1.9.1/webrick/httpserver.rb:94:in `run'
  /usr/local/ruby193/lib/ruby/1.9.1/webrick/server.rb:191:in `block in start_thread'


  Rendered /usr/local/ruby193/lib/ruby/gems/1.9.1/gems/actionpack-3.2.12/lib/action_dispatch/middleware/templates/rescues/routing_error.erb within rescues/layout (52.5ms)


Started GET "/hello_world/index" for 192.168.0.10 at 2013-03-03 16:29:01 +0900
Connecting to database specified by database.yml
Processing by HelloWorldController#index as HTML
  Rendered hello_world/index.html.erb within layouts/application (6.7ms)
Compiled hello_world.css  (45ms)  (pid 4849)
Compiled application.css  (61ms)  (pid 4849)
Compiled jquery.js  (8ms)  (pid 4849)
Compiled jquery_ujs.js  (0ms)  (pid 4849)
Compiled hello_world.js  (231ms)  (pid 4849)
Compiled application.js  (364ms)  (pid 4849)
Completed 200 OK in 629ms (Views: 628.9ms | ActiveRecord: 0.0ms)


Started GET "/assets/application.css?body=1" for 192.168.0.10 at 2013-03-03 16:29:03 +0900
Served asset /application.css - 200 OK (4ms)


Started GET "/assets/jquery_ujs.js?body=1" for 192.168.0.10 at 2013-03-03 16:29:03 +0900
Served asset /jquery_ujs.js - 200 OK (3ms)


Started GET "/assets/jquery.js?body=1" for 192.168.0.10 at 2013-03-03 16:29:03 +0900
Served asset /jquery.js - 200 OK (14ms)


Started GET "/assets/hello_world.css?body=1" for 192.168.0.10 at 2013-03-03 16:29:03 +0900
Served asset /hello_world.css - 200 OK (2ms)


Started GET "/assets/hello_world.js?body=1" for 192.168.0.10 at 2013-03-03 16:29:03 +0900
Served asset /hello_world.js - 200 OK (6ms)


Started GET "/assets/application.js?body=1" for 192.168.0.10 at 2013-03-03 16:29:03 +0900
Served asset /application.js - 200 OK (44ms)


Started GET "/hello_world/index" for 192.168.0.10 at 2013-03-03 16:29:45 +0900
Processing by HelloWorldController#index as HTML
  Rendered hello_world/index.html.erb within layouts/application (0.1ms)
Completed 200 OK in 9ms (Views: 8.2ms | ActiveRecord: 0.0ms)


Started GET "/assets/application.css?body=1" for 192.168.0.10 at 2013-03-03 16:29:45 +0900
Served asset /application.css - 200 OK (0ms)


Started GET "/assets/hello_world.css?body=1" for 192.168.0.10 at 2013-03-03 16:29:46 +0900
Served asset /hello_world.css - 200 OK (0ms)


Started GET "/assets/hello_world.js?body=1" for 192.168.0.10 at 2013-03-03 16:29:46 +0900
Served asset /hello_world.js - 200 OK (0ms)


Started GET "/assets/jquery_ujs.js?body=1" for 192.168.0.10 at 2013-03-03 16:29:46 +0900
Served asset /jquery_ujs.js - 200 OK (3ms)


Started GET "/assets/jquery.js?body=1" for 192.168.0.10 at 2013-03-03 16:29:46 +0900
Served asset /jquery.js - 200 OK (1ms)


Started GET "/assets/application.js?body=1" for 192.168.0.10 at 2013-03-03 16:29:46 +0900
Served asset /application.js - 200 OK (13ms)


Started GET "/hello_world/index" for 192.168.0.10 at 2013-03-03 16:31:17 +0900
Processing by HelloWorldController#index as HTML
  Rendered hello_world/index.html.erb within layouts/application (45.2ms)
Completed 200 OK in 55ms (Views: 54.2ms | ActiveRecord: 0.0ms)


Started GET "/assets/application.css?body=1" for 192.168.0.10 at 2013-03-03 16:31:18 +0900
Served asset /application.css - 200 OK (0ms)


Started GET "/assets/hello_world.js?body=1" for 192.168.0.10 at 2013-03-03 16:31:18 +0900
Served asset /hello_world.js - 200 OK (0ms)


Started GET "/assets/jquery_ujs.js?body=1" for 192.168.0.10 at 2013-03-03 16:31:18 +0900
Served asset /jquery_ujs.js - 200 OK (0ms)


Started GET "/assets/hello_world.css?body=1" for 192.168.0.10 at 2013-03-03 16:31:18 +0900
Served asset /hello_world.css - 200 OK (0ms)


Started GET "/assets/jquery.js?body=1" for 192.168.0.10 at 2013-03-03 16:31:18 +0900
Served asset /jquery.js - 200 OK (4ms)


Started GET "/assets/application.js?body=1" for 192.168.0.10 at 2013-03-03 16:31:28 +0900
Served asset /application.js - 200 OK (1ms)


Started GET "/assets/rails.png" for 127.0.0.1 at 2013-03-14 00:16:52 +0900
Connecting to database specified by database.yml
Served asset /rails.png - 200 OK (108ms)
Connecting to database specified by database.yml
Connecting to database specified by database.yml
  [1m[36m (30.0ms)[0m  [1mselect sqlite_version(*)[0m
  [1m[35m (109.5ms)[0m  CREATE TABLE "schema_migrations" ("version" varchar(255) NOT NULL) 
  [1m[36m (87.9ms)[0m  [1mCREATE UNIQUE INDEX "unique_schema_migrations" ON "schema_migrations" ("version")[0m
  [1m[35m (134.2ms)[0m  SELECT "schema_migrations"."version" FROM "schema_migrations" 
Migrating to CreateUsers (20130313152903)
  [1m[36m (0.1ms)[0m  [1mbegin transaction[0m
  [1m[35m (0.7ms)[0m  CREATE TABLE "users" ("id" INTEGER PRIMARY KEY AUTOINCREMENT NOT NULL, "name" varchar(255), "email" varchar(255), "intro" text, "created_at" datetime NOT NULL, "updated_at" datetime NOT NULL) 
  [1m[36m (0.2ms)[0m  [1mINSERT INTO "schema_migrations" ("version") VALUES ('20130313152903')[0m
  [1m[35m (188.1ms)[0m  commit transaction
  [1m[36m (0.1ms)[0m  [1mSELECT "schema_migrations"."version" FROM "schema_migrations" [0m


Started GET "/users/" for 192.168.0.10 at 2013-03-14 00:37:56 +0900
Connecting to database specified by database.yml
Processing by UsersController#index as HTML
  [1m[36mUser Load (0.1ms)[0m  [1mSELECT "users".* FROM "users" [0m
  Rendered users/index.html.erb within layouts/application (16.3ms)
Compiled scaffolds.css  (166ms)  (pid 3920)
Compiled users.css  (1ms)  (pid 3920)
Compiled application.css  (185ms)  (pid 3920)
Compiled users.js  (275ms)  (pid 3920)
Compiled application.js  (287ms)  (pid 3920)
Completed 200 OK in 1369ms (Views: 1223.3ms | ActiveRecord: 4.0ms)


Started GET "/assets/application.css?body=1" for 192.168.0.10 at 2013-03-14 00:38:00 +0900
Served asset /application.css - 200 OK (196ms)


Started GET "/assets/users.css?body=1" for 192.168.0.10 at 2013-03-14 00:38:01 +0900
Served asset /users.css - 200 OK (108ms)


Started GET "/assets/scaffolds.css?body=1" for 192.168.0.10 at 2013-03-14 00:38:02 +0900
Served asset /scaffolds.css - 200 OK (60ms)


Started GET "/assets/jquery_ujs.js?body=1" for 192.168.0.10 at 2013-03-14 00:38:02 +0900
Served asset /jquery_ujs.js - 200 OK (254ms)


Started GET "/assets/hello_world.css?body=1" for 192.168.0.10 at 2013-03-14 00:38:02 +0900
Served asset /hello_world.css - 200 OK (49ms)


Started GET "/assets/jquery.js?body=1" for 192.168.0.10 at 2013-03-14 00:38:02 +0900
Served asset /jquery.js - 200 OK (761ms)


Started GET "/assets/hello_world.js?body=1" for 192.168.0.10 at 2013-03-14 00:38:03 +0900
Served asset /hello_world.js - 200 OK (36ms)


Started GET "/assets/users.js?body=1" for 192.168.0.10 at 2013-03-14 00:38:03 +0900
Served asset /users.js - 200 OK (157ms)


Started GET "/assets/application.js?body=1" for 192.168.0.10 at 2013-03-14 00:38:04 +0900
Served asset /application.js - 200 OK (349ms)


Started GET "/users/new" for 192.168.0.10 at 2013-03-14 00:38:20 +0900
Processing by UsersController#new as HTML
  Rendered users/_form.html.erb (140.7ms)
  Rendered users/new.html.erb within layouts/application (182.2ms)
Completed 200 OK in 218ms (Views: 200.3ms | ActiveRecord: 0.0ms)


Started GET "/assets/application.css?body=1" for 192.168.0.10 at 2013-03-14 00:38:21 +0900
Served asset /application.css - 304 Not Modified (1ms)


Started GET "/assets/hello_world.css?body=1" for 192.168.0.10 at 2013-03-14 00:38:21 +0900
Served asset /hello_world.css - 304 Not Modified (0ms)


Started GET "/assets/scaffolds.css?body=1" for 192.168.0.10 at 2013-03-14 00:38:21 +0900
Served asset /scaffolds.css - 304 Not Modified (0ms)


Started GET "/assets/users.css?body=1" for 192.168.0.10 at 2013-03-14 00:38:22 +0900
Served asset /users.css - 304 Not Modified (16ms)


Started GET "/assets/jquery.js?body=1" for 192.168.0.10 at 2013-03-14 00:38:22 +0900
Served asset /jquery.js - 304 Not Modified (3ms)


Started GET "/assets/jquery_ujs.js?body=1" for 192.168.0.10 at 2013-03-14 00:38:22 +0900
Served asset /jquery_ujs.js - 304 Not Modified (0ms)


Started GET "/assets/hello_world.js?body=1" for 192.168.0.10 at 2013-03-14 00:38:22 +0900
Served asset /hello_world.js - 304 Not Modified (0ms)


Started GET "/assets/users.js?body=1" for 192.168.0.10 at 2013-03-14 00:38:22 +0900
Served asset /users.js - 304 Not Modified (0ms)


Started GET "/assets/application.js?body=1" for 192.168.0.10 at 2013-03-14 00:38:22 +0900
Served asset /application.js - 304 Not Modified (4ms)


Started GET "/users" for 192.168.0.10 at 2013-03-14 00:38:29 +0900
Processing by UsersController#index as HTML
  [1m[35mUser Load (0.5ms)[0m  SELECT "users".* FROM "users" 
  Rendered users/index.html.erb within layouts/application (11.1ms)
Completed 200 OK in 75ms (Views: 73.5ms | ActiveRecord: 0.5ms)


Started GET "/assets/application.css?body=1" for 192.168.0.10 at 2013-03-14 00:38:31 +0900
Served asset /application.css - 304 Not Modified (0ms)


Started GET "/assets/hello_world.css?body=1" for 192.168.0.10 at 2013-03-14 00:38:31 +0900
Served asset /hello_world.css - 304 Not Modified (0ms)


Started GET "/assets/scaffolds.css?body=1" for 192.168.0.10 at 2013-03-14 00:38:31 +0900
Served asset /scaffolds.css - 304 Not Modified (0ms)


Started GET "/assets/users.css?body=1" for 192.168.0.10 at 2013-03-14 00:38:31 +0900
Served asset /users.css - 304 Not Modified (0ms)


Started GET "/assets/jquery.js?body=1" for 192.168.0.10 at 2013-03-14 00:38:32 +0900
Served asset /jquery.js - 304 Not Modified (2ms)


Started GET "/assets/jquery_ujs.js?body=1" for 192.168.0.10 at 2013-03-14 00:38:32 +0900
Served asset /jquery_ujs.js - 304 Not Modified (0ms)


Started GET "/assets/hello_world.js?body=1" for 192.168.0.10 at 2013-03-14 00:38:32 +0900
Served asset /hello_world.js - 304 Not Modified (11ms)


Started GET "/assets/users.js?body=1" for 192.168.0.10 at 2013-03-14 00:38:32 +0900
Served asset /users.js - 304 Not Modified (0ms)


Started GET "/assets/application.js?body=1" for 192.168.0.10 at 2013-03-14 00:38:32 +0900
Served asset /application.js - 304 Not Modified (28ms)


Started GET "/users/new" for 192.168.0.10 at 2013-03-14 00:38:45 +0900
Processing by UsersController#new as HTML
  Rendered users/_form.html.erb (3.4ms)
  Rendered users/new.html.erb within layouts/application (4.9ms)
Completed 200 OK in 62ms (Views: 61.7ms | ActiveRecord: 0.0ms)


Started GET "/assets/application.css?body=1" for 192.168.0.10 at 2013-03-14 00:38:46 +0900
Served asset /application.css - 304 Not Modified (0ms)


Started GET "/assets/hello_world.css?body=1" for 192.168.0.10 at 2013-03-14 00:38:46 +0900
Served asset /hello_world.css - 304 Not Modified (50ms)


Started GET "/assets/scaffolds.css?body=1" for 192.168.0.10 at 2013-03-14 00:38:46 +0900
Served asset /scaffolds.css - 304 Not Modified (11ms)


Started GET "/assets/users.css?body=1" for 192.168.0.10 at 2013-03-14 00:38:46 +0900
Served asset /users.css - 304 Not Modified (0ms)


Started GET "/assets/jquery_ujs.js?body=1" for 192.168.0.10 at 2013-03-14 00:38:46 +0900
Served asset /jquery_ujs.js - 304 Not Modified (0ms)


Started GET "/assets/jquery.js?body=1" for 192.168.0.10 at 2013-03-14 00:38:46 +0900
Served asset /jquery.js - 304 Not Modified (129ms)


Started GET "/assets/hello_world.js?body=1" for 192.168.0.10 at 2013-03-14 00:38:46 +0900
Served asset /hello_world.js - 304 Not Modified (11ms)


Started GET "/assets/users.js?body=1" for 192.168.0.10 at 2013-03-14 00:38:47 +0900
Served asset /users.js - 304 Not Modified (0ms)


Started GET "/assets/application.js?body=1" for 192.168.0.10 at 2013-03-14 00:38:47 +0900
Served asset /application.js - 304 Not Modified (2ms)


Started POST "/users" for 192.168.0.10 at 2013-03-14 00:41:05 +0900
Processing by UsersController#create as HTML
  Parameters: {"utf8"=>"âœ“", "authenticity_token"=>"CnUoI0vijLpIlTpSaJcCWDQYQfqyOmBnJmcRAWr/0mA=", "user"=>{"name"=>"ogappu", "email"=>"tarou@ogatest123.jp", "intro"=>"è‡ªå·±ç´¹ä»‹ã§ã™ã€‚"}, "commit"=>"Create User"}
  [1m[36m (0.2ms)[0m  [1mbegin transaction[0m
  [1m[35mSQL (88.1ms)[0m  INSERT INTO "users" ("created_at", "email", "intro", "name", "updated_at") VALUES (?, ?, ?, ?, ?)  [["created_at", Wed, 13 Mar 2013 15:41:05 UTC +00:00], ["email", "tarou@ogatest123.jp"], ["intro", "è‡ªå·±ç´¹ä»‹ã§ã™ã€‚"], ["name", "ogappu"], ["updated_at", Wed, 13 Mar 2013 15:41:05 UTC +00:00]]
  [1m[36m (99.1ms)[0m  [1mcommit transaction[0m
Redirected to http://192.168.0.18:3000/users/1
Completed 302 Found in 194ms (ActiveRecord: 187.4ms)


Started GET "/users/1" for 192.168.0.10 at 2013-03-14 00:41:06 +0900
Processing by UsersController#show as HTML
  Parameters: {"id"=>"1"}
  [1m[35mUser Load (0.4ms)[0m  SELECT "users".* FROM "users" WHERE "users"."id" = ? LIMIT 1  [["id", "1"]]
  Rendered users/show.html.erb within layouts/application (1.6ms)
Completed 200 OK in 36ms (Views: 21.9ms | ActiveRecord: 0.4ms)


Started GET "/assets/application.css?body=1" for 192.168.0.10 at 2013-03-14 00:41:07 +0900
Served asset /application.css - 304 Not Modified (0ms)


Started GET "/assets/hello_world.css?body=1" for 192.168.0.10 at 2013-03-14 00:41:08 +0900
Served asset /hello_world.css - 304 Not Modified (0ms)


Started GET "/assets/scaffolds.css?body=1" for 192.168.0.10 at 2013-03-14 00:41:08 +0900
Served asset /scaffolds.css - 304 Not Modified (1ms)


Started GET "/assets/users.css?body=1" for 192.168.0.10 at 2013-03-14 00:41:08 +0900
Served asset /users.css - 304 Not Modified (0ms)


Started GET "/assets/jquery.js?body=1" for 192.168.0.10 at 2013-03-14 00:41:08 +0900
Served asset /jquery.js - 304 Not Modified (20ms)


Started GET "/assets/jquery_ujs.js?body=1" for 192.168.0.10 at 2013-03-14 00:41:08 +0900
Served asset /jquery_ujs.js - 304 Not Modified (0ms)


Started GET "/assets/hello_world.js?body=1" for 192.168.0.10 at 2013-03-14 00:41:08 +0900
Served asset /hello_world.js - 304 Not Modified (0ms)


Started GET "/assets/application.js?body=1" for 192.168.0.10 at 2013-03-14 00:41:08 +0900
Served asset /application.js - 304 Not Modified (13ms)


Started GET "/assets/users.js?body=1" for 192.168.0.10 at 2013-03-14 00:41:18 +0900
Served asset /users.js - 304 Not Modified (0ms)


Started GET "/users/1/edit" for 192.168.0.10 at 2013-03-14 00:41:23 +0900
Processing by UsersController#edit as HTML
  Parameters: {"id"=>"1"}
  [1m[36mUser Load (0.2ms)[0m  [1mSELECT "users".* FROM "users" WHERE "users"."id" = ? LIMIT 1[0m  [["id", "1"]]
  Rendered users/_form.html.erb (3.4ms)
  Rendered users/edit.html.erb within layouts/application (5.5ms)
Completed 200 OK in 113ms (Views: 99.9ms | ActiveRecord: 0.2ms)


Started GET "/assets/application.css?body=1" for 192.168.0.10 at 2013-03-14 00:41:25 +0900
Served asset /application.css - 304 Not Modified (12ms)


Started GET "/assets/scaffolds.css?body=1" for 192.168.0.10 at 2013-03-14 00:41:26 +0900
Served asset /scaffolds.css - 304 Not Modified (0ms)


Started GET "/assets/users.css?body=1" for 192.168.0.10 at 2013-03-14 00:41:26 +0900
Served asset /users.css - 304 Not Modified (46ms)


Started GET "/assets/jquery.js?body=1" for 192.168.0.10 at 2013-03-14 00:41:26 +0900
Served asset /jquery.js - 304 Not Modified (55ms)


Started GET "/assets/jquery_ujs.js?body=1" for 192.168.0.10 at 2013-03-14 00:41:26 +0900
Served asset /jquery_ujs.js - 304 Not Modified (0ms)


Started GET "/assets/hello_world.js?body=1" for 192.168.0.10 at 2013-03-14 00:41:27 +0900
Served asset /hello_world.js - 304 Not Modified (0ms)


Started GET "/assets/users.js?body=1" for 192.168.0.10 at 2013-03-14 00:41:27 +0900
Served asset /users.js - 304 Not Modified (0ms)


Started GET "/assets/application.js?body=1" for 192.168.0.10 at 2013-03-14 00:41:27 +0900
Served asset /application.js - 304 Not Modified (13ms)


Started GET "/assets/hello_world.css?body=1" for 192.168.0.10 at 2013-03-14 00:41:35 +0900
Served asset /hello_world.css - 304 Not Modified (0ms)


Started GET "/users/1" for 192.168.0.10 at 2013-03-14 00:41:42 +0900
Processing by UsersController#show as HTML
  Parameters: {"id"=>"1"}
  [1m[35mUser Load (0.2ms)[0m  SELECT "users".* FROM "users" WHERE "users"."id" = ? LIMIT 1  [["id", "1"]]
  Rendered users/show.html.erb within layouts/application (0.9ms)
Completed 200 OK in 44ms (Views: 42.5ms | ActiveRecord: 0.2ms)


Started GET "/assets/application.css?body=1" for 192.168.0.10 at 2013-03-14 00:41:43 +0900
Served asset /application.css - 304 Not Modified (0ms)


Started GET "/assets/users.css?body=1" for 192.168.0.10 at 2013-03-14 00:41:44 +0900
Served asset /users.css - 304 Not Modified (0ms)


Started GET "/assets/jquery.js?body=1" for 192.168.0.10 at 2013-03-14 00:41:44 +0900
Served asset /jquery.js - 304 Not Modified (1ms)


Started GET "/assets/jquery_ujs.js?body=1" for 192.168.0.10 at 2013-03-14 00:41:44 +0900
Served asset /jquery_ujs.js - 304 Not Modified (12ms)


Started GET "/assets/hello_world.css?body=1" for 192.168.0.10 at 2013-03-14 00:41:44 +0900
Served asset /hello_world.css - 304 Not Modified (0ms)


Started GET "/assets/scaffolds.css?body=1" for 192.168.0.10 at 2013-03-14 00:41:44 +0900
Served asset /scaffolds.css - 304 Not Modified (0ms)


Started GET "/assets/hello_world.js?body=1" for 192.168.0.10 at 2013-03-14 00:41:45 +0900
Served asset /hello_world.js - 304 Not Modified (0ms)


Started GET "/assets/application.js?body=1" for 192.168.0.10 at 2013-03-14 00:41:45 +0900
Served asset /application.js - 304 Not Modified (2ms)


Started GET "/assets/users.js?body=1" for 192.168.0.10 at 2013-03-14 00:41:45 +0900
Served asset /users.js - 304 Not Modified (0ms)


Started GET "/users/" for 192.168.0.10 at 2013-03-14 00:41:58 +0900
Processing by UsersController#index as HTML
  [1m[36mUser Load (0.2ms)[0m  [1mSELECT "users".* FROM "users" [0m
  Rendered users/index.html.erb within layouts/application (1.4ms)
Completed 200 OK in 23ms (Views: 21.2ms | ActiveRecord: 0.2ms)


Started GET "/assets/application.css?body=1" for 192.168.0.10 at 2013-03-14 00:42:00 +0900
Served asset /application.css - 304 Not Modified (0ms)


Started GET "/assets/scaffolds.css?body=1" for 192.168.0.10 at 2013-03-14 00:42:00 +0900
Served asset /scaffolds.css - 304 Not Modified (0ms)


Started GET "/assets/users.css?body=1" for 192.168.0.10 at 2013-03-14 00:42:00 +0900
Served asset /users.css - 304 Not Modified (0ms)


Started GET "/assets/jquery.js?body=1" for 192.168.0.10 at 2013-03-14 00:42:00 +0900
Served asset /jquery.js - 304 Not Modified (1ms)


Started GET "/assets/jquery_ujs.js?body=1" for 192.168.0.10 at 2013-03-14 00:42:00 +0900
Served asset /jquery_ujs.js - 304 Not Modified (1ms)


Started GET "/assets/hello_world.css?body=1" for 192.168.0.10 at 2013-03-14 00:42:00 +0900
Served asset /hello_world.css - 304 Not Modified (0ms)


Started GET "/assets/hello_world.js?body=1" for 192.168.0.10 at 2013-03-14 00:42:00 +0900
Served asset /hello_world.js - 304 Not Modified (0ms)


Started GET "/assets/users.js?body=1" for 192.168.0.10 at 2013-03-14 00:42:01 +0900
Served asset /users.js - 304 Not Modified (0ms)


Started GET "/assets/application.js?body=1" for 192.168.0.10 at 2013-03-14 00:42:01 +0900
Served asset /application.js - 304 Not Modified (2ms)


Started GET "/users/1" for 192.168.0.10 at 2013-03-14 00:42:12 +0900
Processing by UsersController#show as HTML
  Parameters: {"id"=>"1"}
  [1m[35mUser Load (0.2ms)[0m  SELECT "users".* FROM "users" WHERE "users"."id" = ? LIMIT 1  [["id", "1"]]
  Rendered users/show.html.erb within layouts/application (11.6ms)
Completed 200 OK in 32ms (Views: 30.9ms | ActiveRecord: 0.2ms)


Started GET "/assets/application.css?body=1" for 192.168.0.10 at 2013-03-14 00:42:14 +0900
Served asset /application.css - 304 Not Modified (0ms)


Started GET "/assets/hello_world.css?body=1" for 192.168.0.10 at 2013-03-14 00:42:14 +0900
Served asset /hello_world.css - 304 Not Modified (0ms)


Started GET "/assets/scaffolds.css?body=1" for 192.168.0.10 at 2013-03-14 00:42:14 +0900
Served asset /scaffolds.css - 304 Not Modified (0ms)


Started GET "/assets/jquery.js?body=1" for 192.168.0.10 at 2013-03-14 00:42:14 +0900
Served asset /jquery.js - 304 Not Modified (15ms)


Started GET "/assets/jquery_ujs.js?body=1" for 192.168.0.10 at 2013-03-14 00:42:14 +0900
Served asset /jquery_ujs.js - 304 Not Modified (0ms)


Started GET "/assets/users.css?body=1" for 192.168.0.10 at 2013-03-14 00:42:14 +0900
Served asset /users.css - 304 Not Modified (0ms)


Started GET "/assets/hello_world.js?body=1" for 192.168.0.10 at 2013-03-14 00:42:15 +0900
Served asset /hello_world.js - 304 Not Modified (0ms)


Started GET "/assets/users.js?body=1" for 192.168.0.10 at 2013-03-14 00:42:15 +0900
Served asset /users.js - 304 Not Modified (0ms)


Started GET "/assets/application.js?body=1" for 192.168.0.10 at 2013-03-14 00:42:15 +0900
Served asset /application.js - 304 Not Modified (28ms)


Started GET "/users" for 192.168.0.10 at 2013-03-14 00:42:18 +0900
Processing by UsersController#index as HTML
  [1m[36mUser Load (0.2ms)[0m  [1mSELECT "users".* FROM "users" [0m
  Rendered users/index.html.erb within layouts/application (1.4ms)
Completed 200 OK in 44ms (Views: 43.2ms | ActiveRecord: 0.2ms)


Started GET "/assets/hello_world.css?body=1" for 192.168.0.10 at 2013-03-14 00:42:19 +0900
Served asset /hello_world.css - 304 Not Modified (0ms)


Started GET "/assets/scaffolds.css?body=1" for 192.168.0.10 at 2013-03-14 00:42:20 +0900
Served asset /scaffolds.css - 304 Not Modified (17ms)


Started GET "/assets/jquery_ujs.js?body=1" for 192.168.0.10 at 2013-03-14 00:42:20 +0900
Served asset /jquery_ujs.js - 304 Not Modified (41ms)


Started GET "/assets/users.css?body=1" for 192.168.0.10 at 2013-03-14 00:42:20 +0900
Served asset /users.css - 304 Not Modified (0ms)


Started GET "/assets/jquery.js?body=1" for 192.168.0.10 at 2013-03-14 00:42:20 +0900
Served asset /jquery.js - 304 Not Modified (2ms)


Started GET "/assets/application.css?body=1" for 192.168.0.10 at 2013-03-14 00:42:20 +0900
Served asset /application.css - 304 Not Modified (16ms)


Started GET "/assets/hello_world.js?body=1" for 192.168.0.10 at 2013-03-14 00:42:20 +0900
Served asset /hello_world.js - 304 Not Modified (0ms)


Started GET "/assets/users.js?body=1" for 192.168.0.10 at 2013-03-14 00:42:20 +0900
Served asset /users.js - 304 Not Modified (0ms)


Started GET "/assets/application.js?body=1" for 192.168.0.10 at 2013-03-14 00:42:20 +0900
Served asset /application.js - 304 Not Modified (2ms)
Connecting to database specified by database.yml


Started GET "/assets/rails.png" for 192.168.0.10 at 2013-03-15 00:57:22 +0900
Connecting to database specified by database.yml
Served asset /rails.png - 200 OK (41ms)


Started GET "/testapl/%5D" for 192.168.0.10 at 2013-03-15 00:57:28 +0900

ActionController::RoutingError (No route matches [GET] "/testapl/%5D"):
  actionpack (3.2.12) lib/action_dispatch/middleware/debug_exceptions.rb:21:in `call'
  actionpack (3.2.12) lib/action_dispatch/middleware/show_exceptions.rb:56:in `call'
  railties (3.2.12) lib/rails/rack/logger.rb:32:in `call_app'
  railties (3.2.12) lib/rails/rack/logger.rb:16:in `block in call'
  activesupport (3.2.12) lib/active_support/tagged_logging.rb:22:in `tagged'
  railties (3.2.12) lib/rails/rack/logger.rb:16:in `call'
  actionpack (3.2.12) lib/action_dispatch/middleware/request_id.rb:22:in `call'
  rack (1.4.5) lib/rack/methodoverride.rb:21:in `call'
  rack (1.4.5) lib/rack/runtime.rb:17:in `call'
  activesupport (3.2.12) lib/active_support/cache/strategy/local_cache.rb:72:in `call'
  rack (1.4.5) lib/rack/lock.rb:15:in `call'
  actionpack (3.2.12) lib/action_dispatch/middleware/static.rb:62:in `call'
  railties (3.2.12) lib/rails/engine.rb:479:in `call'
  railties (3.2.12) lib/rails/application.rb:223:in `call'
  rack (1.4.5) lib/rack/content_length.rb:14:in `call'
  railties (3.2.12) lib/rails/rack/log_tailer.rb:17:in `call'
  rack (1.4.5) lib/rack/handler/webrick.rb:59:in `service'
  /usr/local/ruby193/lib/ruby/1.9.1/webrick/httpserver.rb:138:in `service'
  /usr/local/ruby193/lib/ruby/1.9.1/webrick/httpserver.rb:94:in `run'
  /usr/local/ruby193/lib/ruby/1.9.1/webrick/server.rb:191:in `block in start_thread'


  Rendered /usr/local/ruby193/lib/ruby/gems/1.9.1/gems/actionpack-3.2.12/lib/action_dispatch/middleware/templates/rescues/routing_error.erb within rescues/layout (12.7ms)


Started GET "/testapl/" for 192.168.0.10 at 2013-03-15 00:57:30 +0900

ActionController::RoutingError (No route matches [GET] "/testapl"):
  actionpack (3.2.12) lib/action_dispatch/middleware/debug_exceptions.rb:21:in `call'
  actionpack (3.2.12) lib/action_dispatch/middleware/show_exceptions.rb:56:in `call'
  railties (3.2.12) lib/rails/rack/logger.rb:32:in `call_app'
  railties (3.2.12) lib/rails/rack/logger.rb:16:in `block in call'
  activesupport (3.2.12) lib/active_support/tagged_logging.rb:22:in `tagged'
  railties (3.2.12) lib/rails/rack/logger.rb:16:in `call'
  actionpack (3.2.12) lib/action_dispatch/middleware/request_id.rb:22:in `call'
  rack (1.4.5) lib/rack/methodoverride.rb:21:in `call'
  rack (1.4.5) lib/rack/runtime.rb:17:in `call'
  activesupport (3.2.12) lib/active_support/cache/strategy/local_cache.rb:72:in `call'
  rack (1.4.5) lib/rack/lock.rb:15:in `call'
  actionpack (3.2.12) lib/action_dispatch/middleware/static.rb:62:in `call'
  railties (3.2.12) lib/rails/engine.rb:479:in `call'
  railties (3.2.12) lib/rails/application.rb:223:in `call'
  rack (1.4.5) lib/rack/content_length.rb:14:in `call'
  railties (3.2.12) lib/rails/rack/log_tailer.rb:17:in `call'
  rack (1.4.5) lib/rack/handler/webrick.rb:59:in `service'
  /usr/local/ruby193/lib/ruby/1.9.1/webrick/httpserver.rb:138:in `service'
  /usr/local/ruby193/lib/ruby/1.9.1/webrick/httpserver.rb:94:in `run'
  /usr/local/ruby193/lib/ruby/1.9.1/webrick/server.rb:191:in `block in start_thread'


  Rendered /usr/local/ruby193/lib/ruby/gems/1.9.1/gems/actionpack-3.2.12/lib/action_dispatch/middleware/templates/rescues/routing_error.erb within rescues/layout (0.8ms)


Started GET "/testapl/kind_teacher/" for 127.0.0.1 at 2013-03-15 00:58:20 +0900

ActionController::RoutingError (No route matches [GET] "/testapl/kind_teacher"):
  actionpack (3.2.12) lib/action_dispatch/middleware/debug_exceptions.rb:21:in `call'
  actionpack (3.2.12) lib/action_dispatch/middleware/show_exceptions.rb:56:in `call'
  railties (3.2.12) lib/rails/rack/logger.rb:32:in `call_app'
  railties (3.2.12) lib/rails/rack/logger.rb:16:in `block in call'
  activesupport (3.2.12) lib/active_support/tagged_logging.rb:22:in `tagged'
  railties (3.2.12) lib/rails/rack/logger.rb:16:in `call'
  actionpack (3.2.12) lib/action_dispatch/middleware/request_id.rb:22:in `call'
  rack (1.4.5) lib/rack/methodoverride.rb:21:in `call'
  rack (1.4.5) lib/rack/runtime.rb:17:in `call'
  activesupport (3.2.12) lib/active_support/cache/strategy/local_cache.rb:72:in `call'
  rack (1.4.5) lib/rack/lock.rb:15:in `call'
  actionpack (3.2.12) lib/action_dispatch/middleware/static.rb:62:in `call'
  railties (3.2.12) lib/rails/engine.rb:479:in `call'
  railties (3.2.12) lib/rails/application.rb:223:in `call'
  rack (1.4.5) lib/rack/content_length.rb:14:in `call'
  railties (3.2.12) lib/rails/rack/log_tailer.rb:17:in `call'
  rack (1.4.5) lib/rack/handler/webrick.rb:59:in `service'
  /usr/local/ruby193/lib/ruby/1.9.1/webrick/httpserver.rb:138:in `service'
  /usr/local/ruby193/lib/ruby/1.9.1/webrick/httpserver.rb:94:in `run'
  /usr/local/ruby193/lib/ruby/1.9.1/webrick/server.rb:191:in `block in start_thread'


  Rendered /usr/local/ruby193/lib/ruby/gems/1.9.1/gems/actionpack-3.2.12/lib/action_dispatch/middleware/templates/rescues/routing_error.erb within rescues/layout (0.9ms)


Started GET "/kind_teacher/" for 127.0.0.1 at 2013-03-15 00:58:31 +0900

ActionController::RoutingError (No route matches [GET] "/kind_teacher"):
  actionpack (3.2.12) lib/action_dispatch/middleware/debug_exceptions.rb:21:in `call'
  actionpack (3.2.12) lib/action_dispatch/middleware/show_exceptions.rb:56:in `call'
  railties (3.2.12) lib/rails/rack/logger.rb:32:in `call_app'
  railties (3.2.12) lib/rails/rack/logger.rb:16:in `block in call'
  activesupport (3.2.12) lib/active_support/tagged_logging.rb:22:in `tagged'
  railties (3.2.12) lib/rails/rack/logger.rb:16:in `call'
  actionpack (3.2.12) lib/action_dispatch/middleware/request_id.rb:22:in `call'
  rack (1.4.5) lib/rack/methodoverride.rb:21:in `call'
  rack (1.4.5) lib/rack/runtime.rb:17:in `call'
  activesupport (3.2.12) lib/active_support/cache/strategy/local_cache.rb:72:in `call'
  rack (1.4.5) lib/rack/lock.rb:15:in `call'
  actionpack (3.2.12) lib/action_dispatch/middleware/static.rb:62:in `call'
  railties (3.2.12) lib/rails/engine.rb:479:in `call'
  railties (3.2.12) lib/rails/application.rb:223:in `call'
  rack (1.4.5) lib/rack/content_length.rb:14:in `call'
  railties (3.2.12) lib/rails/rack/log_tailer.rb:17:in `call'
  rack (1.4.5) lib/rack/handler/webrick.rb:59:in `service'
  /usr/local/ruby193/lib/ruby/1.9.1/webrick/httpserver.rb:138:in `service'
  /usr/local/ruby193/lib/ruby/1.9.1/webrick/httpserver.rb:94:in `run'
  /usr/local/ruby193/lib/ruby/1.9.1/webrick/server.rb:191:in `block in start_thread'


  Rendered /usr/local/ruby193/lib/ruby/gems/1.9.1/gems/actionpack-3.2.12/lib/action_dispatch/middleware/templates/rescues/routing_error.erb within rescues/layout (12.0ms)


Started GET "/testapl/kind_teacher/" for 127.0.0.1 at 2013-03-15 00:58:41 +0900

ActionController::RoutingError (No route matches [GET] "/testapl/kind_teacher"):
  actionpack (3.2.12) lib/action_dispatch/middleware/debug_exceptions.rb:21:in `call'
  actionpack (3.2.12) lib/action_dispatch/middleware/show_exceptions.rb:56:in `call'
  railties (3.2.12) lib/rails/rack/logger.rb:32:in `call_app'
  railties (3.2.12) lib/rails/rack/logger.rb:16:in `block in call'
  activesupport (3.2.12) lib/active_support/tagged_logging.rb:22:in `tagged'
  railties (3.2.12) lib/rails/rack/logger.rb:16:in `call'
  actionpack (3.2.12) lib/action_dispatch/middleware/request_id.rb:22:in `call'
  rack (1.4.5) lib/rack/methodoverride.rb:21:in `call'
  rack (1.4.5) lib/rack/runtime.rb:17:in `call'
  activesupport (3.2.12) lib/active_support/cache/strategy/local_cache.rb:72:in `call'
  rack (1.4.5) lib/rack/lock.rb:15:in `call'
  actionpack (3.2.12) lib/action_dispatch/middleware/static.rb:62:in `call'
  railties (3.2.12) lib/rails/engine.rb:479:in `call'
  railties (3.2.12) lib/rails/application.rb:223:in `call'
  rack (1.4.5) lib/rack/content_length.rb:14:in `call'
  railties (3.2.12) lib/rails/rack/log_tailer.rb:17:in `call'
  rack (1.4.5) lib/rack/handler/webrick.rb:59:in `service'
  /usr/local/ruby193/lib/ruby/1.9.1/webrick/httpserver.rb:138:in `service'
  /usr/local/ruby193/lib/ruby/1.9.1/webrick/httpserver.rb:94:in `run'
  /usr/local/ruby193/lib/ruby/1.9.1/webrick/server.rb:191:in `block in start_thread'


  Rendered /usr/local/ruby193/lib/ruby/gems/1.9.1/gems/actionpack-3.2.12/lib/action_dispatch/middleware/templates/rescues/routing_error.erb within rescues/layout (0.9ms)


Started GET "/testapl/kind_teacher/index" for 127.0.0.1 at 2013-03-15 00:58:50 +0900

ActionController::RoutingError (No route matches [GET] "/testapl/kind_teacher/index"):
  actionpack (3.2.12) lib/action_dispatch/middleware/debug_exceptions.rb:21:in `call'
  actionpack (3.2.12) lib/action_dispatch/middleware/show_exceptions.rb:56:in `call'
  railties (3.2.12) lib/rails/rack/logger.rb:32:in `call_app'
  railties (3.2.12) lib/rails/rack/logger.rb:16:in `block in call'
  activesupport (3.2.12) lib/active_support/tagged_logging.rb:22:in `tagged'
  railties (3.2.12) lib/rails/rack/logger.rb:16:in `call'
  actionpack (3.2.12) lib/action_dispatch/middleware/request_id.rb:22:in `call'
  rack (1.4.5) lib/rack/methodoverride.rb:21:in `call'
  rack (1.4.5) lib/rack/runtime.rb:17:in `call'
  activesupport (3.2.12) lib/active_support/cache/strategy/local_cache.rb:72:in `call'
  rack (1.4.5) lib/rack/lock.rb:15:in `call'
  actionpack (3.2.12) lib/action_dispatch/middleware/static.rb:62:in `call'
  railties (3.2.12) lib/rails/engine.rb:479:in `call'
  railties (3.2.12) lib/rails/application.rb:223:in `call'
  rack (1.4.5) lib/rack/content_length.rb:14:in `call'
  railties (3.2.12) lib/rails/rack/log_tailer.rb:17:in `call'
  rack (1.4.5) lib/rack/handler/webrick.rb:59:in `service'
  /usr/local/ruby193/lib/ruby/1.9.1/webrick/httpserver.rb:138:in `service'
  /usr/local/ruby193/lib/ruby/1.9.1/webrick/httpserver.rb:94:in `run'
  /usr/local/ruby193/lib/ruby/1.9.1/webrick/server.rb:191:in `block in start_thread'


  Rendered /usr/local/ruby193/lib/ruby/gems/1.9.1/gems/actionpack-3.2.12/lib/action_dispatch/middleware/templates/rescues/routing_error.erb within rescues/layout (11.2ms)


Started GET "/kind_teacher/index" for 127.0.0.1 at 2013-03-15 00:58:55 +0900

ActionController::RoutingError (No route matches [GET] "/kind_teacher/index"):
  actionpack (3.2.12) lib/action_dispatch/middleware/debug_exceptions.rb:21:in `call'
  actionpack (3.2.12) lib/action_dispatch/middleware/show_exceptions.rb:56:in `call'
  railties (3.2.12) lib/rails/rack/logger.rb:32:in `call_app'
  railties (3.2.12) lib/rails/rack/logger.rb:16:in `block in call'
  activesupport (3.2.12) lib/active_support/tagged_logging.rb:22:in `tagged'
  railties (3.2.12) lib/rails/rack/logger.rb:16:in `call'
  actionpack (3.2.12) lib/action_dispatch/middleware/request_id.rb:22:in `call'
  rack (1.4.5) lib/rack/methodoverride.rb:21:in `call'
  rack (1.4.5) lib/rack/runtime.rb:17:in `call'
  activesupport (3.2.12) lib/active_support/cache/strategy/local_cache.rb:72:in `call'
  rack (1.4.5) lib/rack/lock.rb:15:in `call'
  actionpack (3.2.12) lib/action_dispatch/middleware/static.rb:62:in `call'
  railties (3.2.12) lib/rails/engine.rb:479:in `call'
  railties (3.2.12) lib/rails/application.rb:223:in `call'
  rack (1.4.5) lib/rack/content_length.rb:14:in `call'
  railties (3.2.12) lib/rails/rack/log_tailer.rb:17:in `call'
  rack (1.4.5) lib/rack/handler/webrick.rb:59:in `service'
  /usr/local/ruby193/lib/ruby/1.9.1/webrick/httpserver.rb:138:in `service'
  /usr/local/ruby193/lib/ruby/1.9.1/webrick/httpserver.rb:94:in `run'
  /usr/local/ruby193/lib/ruby/1.9.1/webrick/server.rb:191:in `block in start_thread'


  Rendered /usr/local/ruby193/lib/ruby/gems/1.9.1/gems/actionpack-3.2.12/lib/action_dispatch/middleware/templates/rescues/routing_error.erb within rescues/layout (4.4ms)


Started GET "/kind_teachers" for 192.168.0.10 at 2013-03-15 00:58:06 +0900
Processing by KindTeachersController#index as HTML
Completed 500 Internal Server Error in 157ms

ActiveRecord::StatementInvalid (Could not find table 'kind_teachers'):
  app/controllers/kind_teachers_controller.rb:5:in `index'


  Rendered /usr/local/ruby193/lib/ruby/gems/1.9.1/gems/actionpack-3.2.12/lib/action_dispatch/middleware/templates/rescues/_trace.erb (3.9ms)
  Rendered /usr/local/ruby193/lib/ruby/gems/1.9.1/gems/actionpack-3.2.12/lib/action_dispatch/middleware/templates/rescues/_request_and_response.erb (1.5ms)
  Rendered /usr/local/ruby193/lib/ruby/gems/1.9.1/gems/actionpack-3.2.12/lib/action_dispatch/middleware/templates/rescues/diagnostics.erb within rescues/layout (23.2ms)
Connecting to database specified by database.yml
  [1m[36m (4.8ms)[0m  [1mSELECT "schema_migrations"."version" FROM "schema_migrations" [0m
Migrating to CreateUsers (20130313152903)
Migrating to CreateKindTeachers (20130314155337)
  [1m[35m (0.1ms)[0m  select sqlite_version(*)
  [1m[36m (0.1ms)[0m  [1mbegin transaction[0m
  [1m[35m (0.8ms)[0m  CREATE TABLE "kind_teachers" ("id" INTEGER PRIMARY KEY AUTOINCREMENT NOT NULL, "name" varchar(255), "email" varchar(255), "comment" varchar(255), "created_at" datetime NOT NULL, "updated_at" datetime NOT NULL) 
  [1m[36m (0.2ms)[0m  [1mINSERT INTO "schema_migrations" ("version") VALUES ('20130314155337')[0m
  [1m[35m (29.2ms)[0m  commit transaction
  [1m[36m (2.4ms)[0m  [1mSELECT "schema_migrations"."version" FROM "schema_migrations" [0m


Started GET "/kind_teachers" for 192.168.0.10 at 2013-03-15 00:58:30 +0900
Processing by KindTeachersController#index as HTML
  [1m[36mKindTeacher Load (0.1ms)[0m  [1mSELECT "kind_teachers".* FROM "kind_teachers" [0m
  Rendered kind_teachers/index.html.erb within layouts/application (1.7ms)
Compiled kind_teachers.css  (47ms)  (pid 2798)
Compiled application.css  (72ms)  (pid 2798)
Compiled kind_teachers.js  (436ms)  (pid 2798)
Compiled application.js  (464ms)  (pid 2798)
Completed 200 OK in 1297ms (Views: 1287.0ms | ActiveRecord: 4.3ms)


Started GET "/assets/application.css?body=1" for 192.168.0.10 at 2013-03-15 00:58:32 +0900
Served asset /application.css - 200 OK (19ms)


Started GET "/assets/hello_world.css?body=1" for 192.168.0.10 at 2013-03-15 00:58:33 +0900
Served asset /hello_world.css - 200 OK (14ms)


Started GET "/assets/kind_teachers.css?body=1" for 192.168.0.10 at 2013-03-15 00:58:33 +0900
Served asset /kind_teachers.css - 200 OK (5ms)


Started GET "/assets/jquery.js?body=1" for 192.168.0.10 at 2013-03-15 00:58:33 +0900
Served asset /jquery.js - 200 OK (31ms)


Started GET "/assets/users.css?body=1" for 192.168.0.10 at 2013-03-15 00:58:33 +0900
Served asset /users.css - 200 OK (9ms)


Started GET "/assets/scaffolds.css?body=1" for 192.168.0.10 at 2013-03-15 00:58:33 +0900
Served asset /scaffolds.css - 200 OK (10ms)


Started GET "/assets/jquery_ujs.js?body=1" for 192.168.0.10 at 2013-03-15 00:58:33 +0900
Served asset /jquery_ujs.js - 200 OK (6ms)


Started GET "/assets/hello_world.js?body=1" for 192.168.0.10 at 2013-03-15 00:58:34 +0900
Served asset /hello_world.js - 200 OK (13ms)


Started GET "/assets/kind_teachers.js?body=1" for 192.168.0.10 at 2013-03-15 00:58:34 +0900
Served asset /kind_teachers.js - 200 OK (5ms)


Started GET "/assets/users.js?body=1" for 192.168.0.10 at 2013-03-15 00:58:34 +0900
Served asset /users.js - 200 OK (5ms)


Started GET "/assets/application.js?body=1" for 192.168.0.10 at 2013-03-15 00:58:34 +0900
Served asset /application.js - 200 OK (28ms)


Started GET "/kind_teachers/new" for 192.168.0.10 at 2013-03-15 00:58:36 +0900
Processing by KindTeachersController#new as HTML
  Rendered kind_teachers/_form.html.erb (88.8ms)
  Rendered kind_teachers/new.html.erb within layouts/application (123.6ms)
Completed 200 OK in 293ms (Views: 272.6ms | ActiveRecord: 0.0ms)


Started GET "/assets/hello_world.css?body=1" for 192.168.0.10 at 2013-03-15 00:58:36 +0900
Served asset /hello_world.css - 304 Not Modified (0ms)


Started GET "/assets/kind_teachers.css?body=1" for 192.168.0.10 at 2013-03-15 00:58:36 +0900
Served asset /kind_teachers.css - 304 Not Modified (0ms)


Started GET "/assets/application.css?body=1" for 192.168.0.10 at 2013-03-15 00:58:37 +0900
Served asset /application.css - 304 Not Modified (0ms)


Started GET "/assets/scaffolds.css?body=1" for 192.168.0.10 at 2013-03-15 00:58:37 +0900
Served asset /scaffolds.css - 304 Not Modified (3ms)


Started GET "/assets/users.css?body=1" for 192.168.0.10 at 2013-03-15 00:58:37 +0900
Served asset /users.css - 304 Not Modified (0ms)


Started GET "/assets/jquery.js?body=1" for 192.168.0.10 at 2013-03-15 00:58:37 +0900
Served asset /jquery.js - 304 Not Modified (6ms)


Started GET "/assets/jquery_ujs.js?body=1" for 192.168.0.10 at 2013-03-15 00:58:37 +0900
Served asset /jquery_ujs.js - 304 Not Modified (0ms)


Started GET "/assets/hello_world.js?body=1" for 192.168.0.10 at 2013-03-15 00:58:37 +0900
Served asset /hello_world.js - 304 Not Modified (7ms)


Started GET "/assets/kind_teachers.js?body=1" for 192.168.0.10 at 2013-03-15 00:58:37 +0900
Served asset /kind_teachers.js - 304 Not Modified (1ms)


Started GET "/assets/users.js?body=1" for 192.168.0.10 at 2013-03-15 00:58:37 +0900
Served asset /users.js - 304 Not Modified (1ms)


Started GET "/assets/application.js?body=1" for 192.168.0.10 at 2013-03-15 00:58:37 +0900
Served asset /application.js - 304 Not Modified (1ms)


Started POST "/kind_teachers" for 192.168.0.10 at 2013-03-15 00:58:50 +0900
Processing by KindTeachersController#create as HTML
  Parameters: {"utf8"=>"âœ“", "authenticity_token"=>"/rksiEX7cQJXQ67uIED96Gxl5pNSuTHNxxK3I3ZC6vs=", "kind_teacher"=>{"name"=>"ãŠãŒã£ã·", "email"=>"ogalush@test.jp", "comment"=>"ã‚³ãƒ¡ãƒ³ãƒˆã§ã™ã€‚"}, "commit"=>"Create Kind teacher"}
  [1m[35m (0.1ms)[0m  begin transaction
  [1m[36mSQL (39.8ms)[0m  [1mINSERT INTO "kind_teachers" ("comment", "created_at", "email", "name", "updated_at") VALUES (?, ?, ?, ?, ?)[0m  [["comment", "ã‚³ãƒ¡ãƒ³ãƒˆã§ã™ã€‚"], ["created_at", Thu, 14 Mar 2013 15:58:50 UTC +00:00], ["email", "ogalush@test.jp"], ["name", "ãŠãŒã£ã·"], ["updated_at", Thu, 14 Mar 2013 15:58:50 UTC +00:00]]
  [1m[35m (24.9ms)[0m  commit transaction
Redirected to http://192.168.0.18:3000/kind_teachers/1
Completed 302 Found in 71ms (ActiveRecord: 64.8ms)


Started GET "/kind_teachers/1" for 192.168.0.10 at 2013-03-15 00:58:51 +0900
Processing by KindTeachersController#show as HTML
  Parameters: {"id"=>"1"}
  [1m[36mKindTeacher Load (0.4ms)[0m  [1mSELECT "kind_teachers".* FROM "kind_teachers" WHERE "kind_teachers"."id" = ? LIMIT 1[0m  [["id", "1"]]
  Rendered kind_teachers/show.html.erb within layouts/application (1.7ms)
Completed 200 OK in 18ms (Views: 14.8ms | ActiveRecord: 0.4ms)


Started GET "/assets/application.css?body=1" for 192.168.0.10 at 2013-03-15 00:58:52 +0900
Served asset /application.css - 304 Not Modified (1ms)


Started GET "/assets/hello_world.css?body=1" for 192.168.0.10 at 2013-03-15 00:58:52 +0900
Served asset /hello_world.css - 304 Not Modified (0ms)


Started GET "/assets/kind_teachers.css?body=1" for 192.168.0.10 at 2013-03-15 00:58:52 +0900
Served asset /kind_teachers.css - 304 Not Modified (2ms)


Started GET "/assets/scaffolds.css?body=1" for 192.168.0.10 at 2013-03-15 00:58:52 +0900
Served asset /scaffolds.css - 304 Not Modified (0ms)


Started GET "/assets/users.css?body=1" for 192.168.0.10 at 2013-03-15 00:58:52 +0900
Served asset /users.css - 304 Not Modified (0ms)


Started GET "/assets/jquery.js?body=1" for 192.168.0.10 at 2013-03-15 00:58:52 +0900
Served asset /jquery.js - 304 Not Modified (1ms)


Started GET "/assets/jquery_ujs.js?body=1" for 192.168.0.10 at 2013-03-15 00:58:52 +0900
Served asset /jquery_ujs.js - 304 Not Modified (3ms)


Started GET "/assets/hello_world.js?body=1" for 192.168.0.10 at 2013-03-15 00:58:52 +0900
Served asset /hello_world.js - 304 Not Modified (0ms)


Started GET "/assets/kind_teachers.js?body=1" for 192.168.0.10 at 2013-03-15 00:58:52 +0900
Served asset /kind_teachers.js - 304 Not Modified (0ms)


Started GET "/assets/users.js?body=1" for 192.168.0.10 at 2013-03-15 00:58:52 +0900
Served asset /users.js - 304 Not Modified (0ms)


Started GET "/assets/application.js?body=1" for 192.168.0.10 at 2013-03-15 00:58:52 +0900
Served asset /application.js - 304 Not Modified (5ms)


Started GET "/kind_teachers/1/edit" for 192.168.0.10 at 2013-03-15 00:58:56 +0900
Processing by KindTeachersController#edit as HTML
  Parameters: {"id"=>"1"}
  [1m[35mKindTeacher Load (0.2ms)[0m  SELECT "kind_teachers".* FROM "kind_teachers" WHERE "kind_teachers"."id" = ? LIMIT 1  [["id", "1"]]
  Rendered kind_teachers/_form.html.erb (6.9ms)
  Rendered kind_teachers/edit.html.erb within layouts/application (8.9ms)
Completed 200 OK in 30ms (Views: 25.3ms | ActiveRecord: 0.2ms)


Started GET "/assets/application.css?body=1" for 192.168.0.10 at 2013-03-15 00:58:57 +0900
Served asset /application.css - 304 Not Modified (0ms)


Started GET "/assets/hello_world.css?body=1" for 192.168.0.10 at 2013-03-15 00:58:57 +0900
Served asset /hello_world.css - 304 Not Modified (0ms)


Started GET "/assets/kind_teachers.css?body=1" for 192.168.0.10 at 2013-03-15 00:58:57 +0900
Served asset /kind_teachers.css - 304 Not Modified (0ms)


Started GET "/assets/scaffolds.css?body=1" for 192.168.0.10 at 2013-03-15 00:58:57 +0900
Served asset /scaffolds.css - 304 Not Modified (0ms)


Started GET "/assets/users.css?body=1" for 192.168.0.10 at 2013-03-15 00:58:57 +0900
Served asset /users.css - 304 Not Modified (0ms)


Started GET "/assets/jquery.js?body=1" for 192.168.0.10 at 2013-03-15 00:58:57 +0900
Served asset /jquery.js - 304 Not Modified (1ms)


Started GET "/assets/jquery_ujs.js?body=1" for 192.168.0.10 at 2013-03-15 00:58:58 +0900
Served asset /jquery_ujs.js - 304 Not Modified (0ms)


Started GET "/assets/hello_world.js?body=1" for 192.168.0.10 at 2013-03-15 00:58:58 +0900
Served asset /hello_world.js - 304 Not Modified (3ms)


Started GET "/assets/kind_teachers.js?body=1" for 192.168.0.10 at 2013-03-15 00:58:58 +0900
Served asset /kind_teachers.js - 304 Not Modified (0ms)


Started GET "/assets/users.js?body=1" for 192.168.0.10 at 2013-03-15 00:58:58 +0900
Served asset /users.js - 304 Not Modified (0ms)


Started GET "/assets/application.js?body=1" for 192.168.0.10 at 2013-03-15 00:58:58 +0900
Served asset /application.js - 304 Not Modified (2ms)


Started GET "/kind_teachers/" for 192.168.0.10 at 2013-03-15 00:59:02 +0900
Processing by KindTeachersController#index as HTML
  [1m[36mKindTeacher Load (0.3ms)[0m  [1mSELECT "kind_teachers".* FROM "kind_teachers" [0m
  Rendered kind_teachers/index.html.erb within layouts/application (1.4ms)
Completed 200 OK in 23ms (Views: 21.2ms | ActiveRecord: 0.3ms)


Started GET "/assets/application.css?body=1" for 192.168.0.10 at 2013-03-15 00:59:02 +0900
Served asset /application.css - 304 Not Modified (1ms)


Started GET "/assets/kind_teachers.css?body=1" for 192.168.0.10 at 2013-03-15 00:59:03 +0900
Served asset /kind_teachers.css - 304 Not Modified (5ms)


Started GET "/assets/hello_world.css?body=1" for 192.168.0.10 at 2013-03-15 00:59:03 +0900
Served asset /hello_world.css - 304 Not Modified (9ms)


Started GET "/assets/users.css?body=1" for 192.168.0.10 at 2013-03-15 00:59:03 +0900
Served asset /users.css - 304 Not Modified (1ms)


Started GET "/assets/jquery.js?body=1" for 192.168.0.10 at 2013-03-15 00:59:03 +0900
Served asset /jquery.js - 304 Not Modified (6ms)


Started GET "/assets/scaffolds.css?body=1" for 192.168.0.10 at 2013-03-15 00:59:03 +0900
Served asset /scaffolds.css - 304 Not Modified (1ms)


Started GET "/assets/jquery_ujs.js?body=1" for 192.168.0.10 at 2013-03-15 00:59:03 +0900
Served asset /jquery_ujs.js - 304 Not Modified (0ms)


Started GET "/assets/kind_teachers.js?body=1" for 192.168.0.10 at 2013-03-15 00:59:03 +0900
Served asset /kind_teachers.js - 304 Not Modified (0ms)


Started GET "/assets/hello_world.js?body=1" for 192.168.0.10 at 2013-03-15 00:59:03 +0900
Served asset /hello_world.js - 304 Not Modified (6ms)


Started GET "/assets/users.js?body=1" for 192.168.0.10 at 2013-03-15 00:59:03 +0900
Served asset /users.js - 304 Not Modified (4ms)


Started GET "/assets/application.js?body=1" for 192.168.0.10 at 2013-03-15 00:59:03 +0900
Served asset /application.js - 304 Not Modified (9ms)


Started GET "/kind_teachers/1" for 192.168.0.10 at 2013-03-15 00:59:09 +0900
Processing by KindTeachersController#show as HTML
  Parameters: {"id"=>"1"}
  [1m[35mKindTeacher Load (3.5ms)[0m  SELECT "kind_teachers".* FROM "kind_teachers" WHERE "kind_teachers"."id" = ? LIMIT 1  [["id", "1"]]
  Rendered kind_teachers/show.html.erb within layouts/application (0.7ms)
Completed 200 OK in 25ms (Views: 20.5ms | ActiveRecord: 3.5ms)


Started GET "/assets/application.css?body=1" for 192.168.0.10 at 2013-03-15 00:59:09 +0900
Served asset /application.css - 304 Not Modified (4ms)


Started GET "/assets/users.css?body=1" for 192.168.0.10 at 2013-03-15 00:59:10 +0900
Served asset /users.css - 304 Not Modified (0ms)


Started GET "/assets/scaffolds.css?body=1" for 192.168.0.10 at 2013-03-15 00:59:10 +0900
Served asset /scaffolds.css - 304 Not Modified (12ms)


Started GET "/assets/kind_teachers.css?body=1" for 192.168.0.10 at 2013-03-15 00:59:10 +0900
Served asset /kind_teachers.css - 304 Not Modified (0ms)


Started GET "/assets/hello_world.css?body=1" for 192.168.0.10 at 2013-03-15 00:59:10 +0900
Served asset /hello_world.css - 304 Not Modified (10ms)


Started GET "/assets/jquery.js?body=1" for 192.168.0.10 at 2013-03-15 00:59:10 +0900
Served asset /jquery.js - 304 Not Modified (2ms)


Started GET "/assets/jquery_ujs.js?body=1" for 192.168.0.10 at 2013-03-15 00:59:10 +0900
Served asset /jquery_ujs.js - 304 Not Modified (0ms)


Started GET "/assets/hello_world.js?body=1" for 192.168.0.10 at 2013-03-15 00:59:10 +0900
Served asset /hello_world.js - 304 Not Modified (0ms)


Started GET "/assets/kind_teachers.js?body=1" for 192.168.0.10 at 2013-03-15 00:59:10 +0900
Served asset /kind_teachers.js - 304 Not Modified (5ms)


Started GET "/assets/application.js?body=1" for 192.168.0.10 at 2013-03-15 00:59:10 +0900
Served asset /application.js - 304 Not Modified (4ms)


Started GET "/assets/users.js?body=1" for 192.168.0.10 at 2013-03-15 00:59:10 +0900
Served asset /users.js - 304 Not Modified (0ms)


Started DELETE "/kind_teachers/1" for 192.168.0.10 at 2013-03-15 00:59:15 +0900
Processing by KindTeachersController#destroy as HTML
  Parameters: {"authenticity_token"=>"/rksiEX7cQJXQ67uIED96Gxl5pNSuTHNxxK3I3ZC6vs=", "id"=>"1"}
  [1m[36mKindTeacher Load (0.2ms)[0m  [1mSELECT "kind_teachers".* FROM "kind_teachers" WHERE "kind_teachers"."id" = ? LIMIT 1[0m  [["id", "1"]]
  [1m[35m (0.1ms)[0m  begin transaction
  [1m[36mSQL (0.4ms)[0m  [1mDELETE FROM "kind_teachers" WHERE "kind_teachers"."id" = ?[0m  [["id", 1]]
  [1m[35m (29.2ms)[0m  commit transaction
Redirected to http://192.168.0.18:3000/kind_teachers
Completed 302 Found in 34ms (ActiveRecord: 29.9ms)


Started GET "/kind_teachers" for 192.168.0.10 at 2013-03-15 00:59:16 +0900
Processing by KindTeachersController#index as HTML
  [1m[36mKindTeacher Load (0.2ms)[0m  [1mSELECT "kind_teachers".* FROM "kind_teachers" [0m
  Rendered kind_teachers/index.html.erb within layouts/application (0.4ms)
Completed 200 OK in 72ms (Views: 70.5ms | ActiveRecord: 0.2ms)


Started GET "/assets/application.css?body=1" for 192.168.0.10 at 2013-03-15 00:59:17 +0900
Served asset /application.css - 304 Not Modified (0ms)


Started GET "/assets/scaffolds.css?body=1" for 192.168.0.10 at 2013-03-15 00:59:17 +0900
Served asset /scaffolds.css - 304 Not Modified (0ms)


Started GET "/assets/kind_teachers.css?body=1" for 192.168.0.10 at 2013-03-15 00:59:17 +0900
Served asset /kind_teachers.css - 304 Not Modified (0ms)


Started GET "/assets/hello_world.css?body=1" for 192.168.0.10 at 2013-03-15 00:59:17 +0900
Served asset /hello_world.css - 304 Not Modified (0ms)


Started GET "/assets/jquery.js?body=1" for 192.168.0.10 at 2013-03-15 00:59:17 +0900
Served asset /jquery.js - 304 Not Modified (4ms)


Started GET "/assets/users.css?body=1" for 192.168.0.10 at 2013-03-15 00:59:17 +0900
Served asset /users.css - 304 Not Modified (0ms)


Started GET "/assets/jquery_ujs.js?body=1" for 192.168.0.10 at 2013-03-15 00:59:17 +0900
Served asset /jquery_ujs.js - 304 Not Modified (0ms)


Started GET "/assets/hello_world.js?body=1" for 192.168.0.10 at 2013-03-15 00:59:18 +0900
Served asset /hello_world.js - 304 Not Modified (2ms)


Started GET "/assets/kind_teachers.js?body=1" for 192.168.0.10 at 2013-03-15 00:59:18 +0900
Served asset /kind_teachers.js - 304 Not Modified (7ms)


Started GET "/assets/users.js?body=1" for 192.168.0.10 at 2013-03-15 00:59:18 +0900
Served asset /users.js - 304 Not Modified (0ms)


Started GET "/assets/application.js?body=1" for 192.168.0.10 at 2013-03-15 00:59:18 +0900
Served asset /application.js - 304 Not Modified (7ms)


Started GET "/kind_teachers/new" for 192.168.0.10 at 2013-03-15 00:59:19 +0900
Processing by KindTeachersController#new as HTML
  Rendered kind_teachers/_form.html.erb (4.6ms)
  Rendered kind_teachers/new.html.erb within layouts/application (5.5ms)
Completed 200 OK in 20ms (Views: 19.5ms | ActiveRecord: 0.0ms)


Started GET "/assets/application.css?body=1" for 192.168.0.10 at 2013-03-15 00:59:20 +0900
Served asset /application.css - 304 Not Modified (0ms)


Started GET "/assets/hello_world.css?body=1" for 192.168.0.10 at 2013-03-15 00:59:20 +0900
Served asset /hello_world.css - 304 Not Modified (2ms)


Started GET "/assets/kind_teachers.css?body=1" for 192.168.0.10 at 2013-03-15 00:59:20 +0900
Served asset /kind_teachers.css - 304 Not Modified (7ms)


Started GET "/assets/scaffolds.css?body=1" for 192.168.0.10 at 2013-03-15 00:59:20 +0900
Served asset /scaffolds.css - 304 Not Modified (0ms)


Started GET "/assets/jquery.js?body=1" for 192.168.0.10 at 2013-03-15 00:59:20 +0900
Served asset /jquery.js - 304 Not Modified (24ms)


Started GET "/assets/users.css?body=1" for 192.168.0.10 at 2013-03-15 00:59:20 +0900
Served asset /users.css - 304 Not Modified (0ms)


Started GET "/assets/jquery_ujs.js?body=1" for 192.168.0.10 at 2013-03-15 00:59:20 +0900
Served asset /jquery_ujs.js - 304 Not Modified (0ms)


Started GET "/assets/hello_world.js?body=1" for 192.168.0.10 at 2013-03-15 00:59:21 +0900
Served asset /hello_world.js - 304 Not Modified (0ms)


Started GET "/assets/users.js?body=1" for 192.168.0.10 at 2013-03-15 00:59:21 +0900
Served asset /users.js - 304 Not Modified (0ms)


Started GET "/assets/kind_teachers.js?body=1" for 192.168.0.10 at 2013-03-15 00:59:21 +0900
Served asset /kind_teachers.js - 304 Not Modified (6ms)


Started GET "/assets/application.js?body=1" for 192.168.0.10 at 2013-03-15 00:59:21 +0900
Served asset /application.js - 304 Not Modified (5ms)


Started POST "/kind_teachers" for 192.168.0.10 at 2013-03-15 00:59:33 +0900
Processing by KindTeachersController#create as HTML
  Parameters: {"utf8"=>"âœ“", "authenticity_token"=>"/rksiEX7cQJXQ67uIED96Gxl5pNSuTHNxxK3I3ZC6vs=", "kind_teacher"=>{"name"=>"ãŠãŒã£ã·", "email"=>"ogalush@test.test.jp", "comment"=>"ã‚³ãƒ¡ãƒ³ãƒˆã§ã™ã€‚"}, "commit"=>"Create Kind teacher"}
  [1m[35m (0.1ms)[0m  begin transaction
  [1m[36mSQL (0.6ms)[0m  [1mINSERT INTO "kind_teachers" ("comment", "created_at", "email", "name", "updated_at") VALUES (?, ?, ?, ?, ?)[0m  [["comment", "ã‚³ãƒ¡ãƒ³ãƒˆã§ã™ã€‚"], ["created_at", Thu, 14 Mar 2013 15:59:33 UTC +00:00], ["email", "ogalush@test.test.jp"], ["name", "ãŠãŒã£ã·"], ["updated_at", Thu, 14 Mar 2013 15:59:33 UTC +00:00]]
  [1m[35m (25.9ms)[0m  commit transaction
Redirected to http://192.168.0.18:3000/kind_teachers/2
Completed 302 Found in 30ms (ActiveRecord: 26.6ms)


Started GET "/kind_teachers/2" for 192.168.0.10 at 2013-03-15 00:59:34 +0900
Processing by KindTeachersController#show as HTML
  Parameters: {"id"=>"2"}
  [1m[36mKindTeacher Load (0.2ms)[0m  [1mSELECT "kind_teachers".* FROM "kind_teachers" WHERE "kind_teachers"."id" = ? LIMIT 1[0m  [["id", "2"]]
  Rendered kind_teachers/show.html.erb within layouts/application (0.8ms)
Completed 200 OK in 19ms (Views: 17.4ms | ActiveRecord: 0.2ms)


Started GET "/assets/application.css?body=1" for 192.168.0.10 at 2013-03-15 00:59:35 +0900
Served asset /application.css - 304 Not Modified (0ms)


Started GET "/assets/kind_teachers.css?body=1" for 192.168.0.10 at 2013-03-15 00:59:35 +0900
Served asset /kind_teachers.css - 304 Not Modified (0ms)


Started GET "/assets/hello_world.css?body=1" for 192.168.0.10 at 2013-03-15 00:59:35 +0900
Served asset /hello_world.css - 304 Not Modified (0ms)


Started GET "/assets/users.css?body=1" for 192.168.0.10 at 2013-03-15 00:59:35 +0900
Served asset /users.css - 304 Not Modified (10ms)


Started GET "/assets/jquery.js?body=1" for 192.168.0.10 at 2013-03-15 00:59:35 +0900
Served asset /jquery.js - 304 Not Modified (1ms)


Started GET "/assets/jquery_ujs.js?body=1" for 192.168.0.10 at 2013-03-15 00:59:35 +0900
Served asset /jquery_ujs.js - 304 Not Modified (0ms)


Started GET "/assets/hello_world.js?body=1" for 192.168.0.10 at 2013-03-15 00:59:35 +0900
Served asset /hello_world.js - 304 Not Modified (0ms)


Started GET "/assets/kind_teachers.js?body=1" for 192.168.0.10 at 2013-03-15 00:59:35 +0900
Served asset /kind_teachers.js - 304 Not Modified (0ms)


Started GET "/assets/users.js?body=1" for 192.168.0.10 at 2013-03-15 00:59:36 +0900
Served asset /users.js - 304 Not Modified (1ms)


Started GET "/assets/application.js?body=1" for 192.168.0.10 at 2013-03-15 00:59:36 +0900
Served asset /application.js - 304 Not Modified (3ms)


Started GET "/assets/scaffolds.css?body=1" for 192.168.0.10 at 2013-03-15 00:59:45 +0900
Served asset /scaffolds.css - 304 Not Modified (0ms)


Started GET "/kind_teachers/" for 192.168.0.10 at 2013-03-15 00:59:50 +0900
Processing by KindTeachersController#index as HTML
  [1m[35mKindTeacher Load (0.2ms)[0m  SELECT "kind_teachers".* FROM "kind_teachers" 
  Rendered kind_teachers/index.html.erb within layouts/application (1.5ms)
Completed 200 OK in 25ms (Views: 24.1ms | ActiveRecord: 0.2ms)


Started GET "/assets/application.css?body=1" for 192.168.0.10 at 2013-03-15 00:59:51 +0900
Served asset /application.css - 304 Not Modified (3ms)


Started GET "/assets/jquery.js?body=1" for 192.168.0.10 at 2013-03-15 00:59:51 +0900
Served asset /jquery.js - 304 Not Modified (11ms)


Started GET "/assets/kind_teachers.css?body=1" for 192.168.0.10 at 2013-03-15 00:59:51 +0900
Served asset /kind_teachers.css - 304 Not Modified (0ms)


Started GET "/assets/scaffolds.css?body=1" for 192.168.0.10 at 2013-03-15 00:59:51 +0900
Served asset /scaffolds.css - 304 Not Modified (3ms)


Started GET "/assets/hello_world.css?body=1" for 192.168.0.10 at 2013-03-15 00:59:51 +0900
Served asset /hello_world.css - 304 Not Modified (7ms)


Started GET "/assets/users.css?body=1" for 192.168.0.10 at 2013-03-15 00:59:51 +0900
Served asset /users.css - 304 Not Modified (0ms)


Started GET "/assets/jquery_ujs.js?body=1" for 192.168.0.10 at 2013-03-15 00:59:51 +0900
Served asset /jquery_ujs.js - 304 Not Modified (0ms)


Started GET "/assets/users.js?body=1" for 192.168.0.10 at 2013-03-15 00:59:51 +0900
Served asset /users.js - 304 Not Modified (0ms)


Started GET "/assets/application.js?body=1" for 192.168.0.10 at 2013-03-15 00:59:51 +0900
Served asset /application.js - 304 Not Modified (5ms)


Started GET "/assets/kind_teachers.js?body=1" for 192.168.0.10 at 2013-03-15 00:59:51 +0900
Served asset /kind_teachers.js - 304 Not Modified (0ms)


Started GET "/assets/hello_world.js?body=1" for 192.168.0.10 at 2013-03-15 00:59:51 +0900
Served asset /hello_world.js - 304 Not Modified (0ms)


Started GET "/kind_teacher" for 127.0.0.1 at 2013-03-15 01:00:05 +0900

ActionController::RoutingError (No route matches [GET] "/kind_teacher"):
  actionpack (3.2.12) lib/action_dispatch/middleware/debug_exceptions.rb:21:in `call'
  actionpack (3.2.12) lib/action_dispatch/middleware/show_exceptions.rb:56:in `call'
  railties (3.2.12) lib/rails/rack/logger.rb:32:in `call_app'
  railties (3.2.12) lib/rails/rack/logger.rb:16:in `block in call'
  activesupport (3.2.12) lib/active_support/tagged_logging.rb:22:in `tagged'
  railties (3.2.12) lib/rails/rack/logger.rb:16:in `call'
  actionpack (3.2.12) lib/action_dispatch/middleware/request_id.rb:22:in `call'
  rack (1.4.5) lib/rack/methodoverride.rb:21:in `call'
  rack (1.4.5) lib/rack/runtime.rb:17:in `call'
  activesupport (3.2.12) lib/active_support/cache/strategy/local_cache.rb:72:in `call'
  rack (1.4.5) lib/rack/lock.rb:15:in `call'
  actionpack (3.2.12) lib/action_dispatch/middleware/static.rb:62:in `call'
  railties (3.2.12) lib/rails/engine.rb:479:in `call'
  railties (3.2.12) lib/rails/application.rb:223:in `call'
  rack (1.4.5) lib/rack/content_length.rb:14:in `call'
  railties (3.2.12) lib/rails/rack/log_tailer.rb:17:in `call'
  rack (1.4.5) lib/rack/handler/webrick.rb:59:in `service'
  /usr/local/ruby193/lib/ruby/1.9.1/webrick/httpserver.rb:138:in `service'
  /usr/local/ruby193/lib/ruby/1.9.1/webrick/httpserver.rb:94:in `run'
  /usr/local/ruby193/lib/ruby/1.9.1/webrick/server.rb:191:in `block in start_thread'


  Rendered /usr/local/ruby193/lib/ruby/gems/1.9.1/gems/actionpack-3.2.12/lib/action_dispatch/middleware/templates/rescues/routing_error.erb within rescues/layout (9.7ms)


Started GET "/kind_teachers" for 127.0.0.1 at 2013-03-15 00:59:57 +0900
Processing by KindTeachersController#index as HTML
  [1m[36mKindTeacher Load (0.3ms)[0m  [1mSELECT "kind_teachers".* FROM "kind_teachers" [0m
  Rendered kind_teachers/index.html.erb within layouts/application (1.9ms)
Completed 200 OK in 85ms (Views: 74.9ms | ActiveRecord: 0.3ms)


Started GET "/assets/application.css?body=1" for 127.0.0.1 at 2013-03-15 00:59:58 +0900
Served asset /application.css - 200 OK (31ms)


Started GET "/assets/kind_teachers.css?body=1" for 127.0.0.1 at 2013-03-15 00:59:58 +0900
Served asset /kind_teachers.css - 200 OK (52ms)


Started GET "/assets/scaffolds.css?body=1" for 127.0.0.1 at 2013-03-15 00:59:58 +0900
Served asset /scaffolds.css - 200 OK (0ms)


Started GET "/assets/hello_world.css?body=1" for 127.0.0.1 at 2013-03-15 00:59:58 +0900
Served asset /hello_world.css - 200 OK (6ms)


Started GET "/assets/users.css?body=1" for 127.0.0.1 at 2013-03-15 00:59:58 +0900
Served asset /users.css - 200 OK (9ms)


Started GET "/assets/jquery_ujs.js?body=1" for 127.0.0.1 at 2013-03-15 00:59:58 +0900
Served asset /jquery_ujs.js - 200 OK (16ms)


Started GET "/assets/jquery.js?body=1" for 127.0.0.1 at 2013-03-15 00:59:58 +0900
Served asset /jquery.js - 200 OK (20ms)


Started GET "/assets/hello_world.js?body=1" for 127.0.0.1 at 2013-03-15 00:59:58 +0900
Served asset /hello_world.js - 200 OK (3ms)


Started GET "/assets/kind_teachers.js?body=1" for 127.0.0.1 at 2013-03-15 00:59:58 +0900
Served asset /kind_teachers.js - 200 OK (4ms)


Started GET "/assets/users.js?body=1" for 127.0.0.1 at 2013-03-15 00:59:58 +0900
Served asset /users.js - 200 OK (4ms)


Started GET "/assets/application.js?body=1" for 127.0.0.1 at 2013-03-15 00:59:58 +0900
Served asset /application.js - 200 OK (13ms)
